Arguments: 
  /usr/local/bin/node /usr/local/bin/yarn

PATH: 
  /opt/homebrew/opt/php@7.2/sbin:/opt/homebrew/opt/php@7.2/bin:/opt/homebrew/opt/php@8.0/sbin:/opt/homebrew/opt/php@8.0/bin:/usr/local/bin:/usr/local/sbin:/usr/local/bin:/usr/bin:/bin:/usr/sbin:/sbin

Yarn version: 
  1.22.19

Node version: 
  16.17.0

Platform: 
  darwin x64

Trace: 
  SyntaxError: /Users/victorjuwa/Desktop/kudaAcademyuiApp/package.json: Unexpected token } in JSON at position 1245
      at JSON.parse (<anonymous>)
      at /usr/local/lib/node_modules/yarn/lib/cli.js:1629:59
      at Generator.next (<anonymous>)
      at step (/usr/local/lib/node_modules/yarn/lib/cli.js:310:30)
      at /usr/local/lib/node_modules/yarn/lib/cli.js:321:13

npm manifest: 
  {
    "name": "SampleApp",
    "version": "0.1.0",
    "private": true,
    "dependencies": {
  
      "@testing-library/jest-dom": "^5.16.5",
      "@testing-library/react": "^12.1.5",
      "@testing-library/user-event": "13.5.0",
      "@types/jest": "^29.1.2",
      "@types/node": "^18.8.5",
      "@types/react": "^18.0.21",
      "@types/react-dom": "^18.0.6",
      "@types/react-table": "^7.7.12",
      "autoprefixer": "^10.4.12",
      "axios": "^1.1.3",
      "crypto-js": "^4.1.1",
      "date-fns": "^2.29.3",
      "history": "^5.3.0",
      "identity-obj-proxy": "^3.0.0",
      "ignore-styles": "^5.0.1",
      "jest-transform-stub": "^2.0.0",
      "moment": "^2.29.4",
      "postcss": "^8.4.18",
      "postcss-loader": "^7.0.1",
      "prop-types": "^15.7.5",
      "react": "^18.2.0",
      "react-datepicker": "^4.8.0",
      "react-dom": "^18.2.0",
      "react-idle-timer": "^5.4.2",
      "react-loading-skeleton": "^3.1.0",
      "react-minimal-pie-chart": "^8.3.0",
      "react-router-dom": "^6.4.2",
      "react-scripts": "5.0.0",
      "react-table": "^7.8.0",
      "styled-components": "^5.3.6",
      "ts-jest": "^27.1.5",
      "typescript": "^4.8.4",
      "web-vitals": "^2.1.4",
      "body-parser": "^1.19.0",
      "cors": "^2.8.5",
      "express": "^4.17.1",
      "path": "^0.12.7",
    },
    "scripts": {
      "start": "PORT=3000 react-scripts start",
      "start:windows": "SET PORT=3000 && react-scripts start",
      "storybook": "start-storybook -p 6006 -s public",
      "build": "react-scripts build",
      "build:development": "env-cmd -f .env.development npm run build",
      "build:production": "env-cmd -f .env.production npm run build",
      "test": "react-scripts test  --transformIgnorePatterns 'node_modules/(?!(axios)/)'  -- -- config=jest.config.js",
      "eject": "react-scripts eject",
      "build-storybook": "build-storybook -s public",
      "refreshVSToken": "vsts-npm-auth -config .npmrc"
    },
    "eslintConfig": {
      "extends": [
        "react-app",
        "react-app/jest"
      ],
      "overrides": [
        {
          "files": [
            "**/*.stories.*"
          ],
          "rules": {
            "import/no-anonymous-default-export": "off"
          }
        }
      ]
    },
    "proxy": "https://fe-task-api.mainstack.io",
    "browserslist": {
      "production": [
        ">0.2%",
        "not dead",
        "not op_mini all"
      ],
      "development": [
        "last 1 chrome version",
        "last 1 firefox version",
        "last 1 safari version"
      ]
    },
    "devDependencies": {
      "@storybook/addon-actions": "^6.5.3",
      "@storybook/addon-essentials": "^6.5.3",
      "@storybook/addon-interactions": "^6.5.3",
      "@storybook/addon-links": "^6.5.3",
      "@storybook/builder-webpack5": "^6.5.3",
      "@storybook/manager-webpack5": "^6.5.3",
      "@storybook/node-logger": "^6.5.3",
      "@storybook/preset-create-react-app": "^4.1.0",
      "@storybook/react": "^6.5.3",
      "@storybook/testing-library": "^0.0.11",
      "@types/google.accounts": "^0.0.2",
      "@types/styled-components": "^5.1.25",
      "babel-plugin-named-exports-order": "^0.0.2",
      "browser-resolve": "^2.0.0",
      "jest-environment-jsdom": "27.5.1",
      "webpack": "^5.72.1"
    }
  }

yarn manifest: 
  No manifest

Lockfile: 
  No lockfile
